#
# A fatal error has been detected by the Java Runtime Environment:
#
#  EXCEPTION_ACCESS_VIOLATION (0xc0000005) at pc=0x0000000052d1e4e0, pid=3640, tid=0x0000000000002520
#
# JRE version: Java(TM) SE Runtime Environment (8.0_171-b11) (build 1.8.0_171-b11)
# Java VM: Java HotSpot(TM) 64-Bit Server VM (25.171-b11 mixed mode windows-amd64 compressed oops)
# Problematic frame:
# C  [awt.dll+0x4e4e0]
#
# Failed to write core dump. Minidumps are not enabled by default on client versions of Windows
#
# If you would like to submit a bug report, please visit:
#   http://bugreport.java.com/bugreport/crash.jsp
# The crash happened outside the Java Virtual Machine in native code.
# See problematic frame for where to report the bug.
#

---------------  T H R E A D  ---------------

Current thread (0x0000000016aba800):  JavaThread "AWT-EventQueue-0" [_thread_in_native, id=9504, stack(0x0000000017fc0000,0x00000000180c0000)]

siginfo: ExceptionCode=0xc0000005, reading address 0x0000000117de0018

Registers:
RAX=0x0000000000000000, RBX=0x0000000000000006, RCX=0x0000000000000000, RDX=0x000000000000007e
RSP=0x00000000180bc800, RBP=0x0000000016ab87f0, RSI=0x0000000117de0000, RDI=0x00000000169518cc
R8 =0x0000000000000000, R9 =0x0000000000000054, R10=0x000000001a2ba980, R11=0x0000000000000003
R12=0x0000000000000010, R13=0x00000000ffffffff, R14=0x0000000016ab9a00, R15=0x0000000000000001
RIP=0x0000000052d1e4e0, EFLAGS=0x0000000000010293

Top of Stack: (sp=0x00000000180bc800)
0x00000000180bc800:   00000000169518b8 0000000000000003
0x00000000180bc810:   000000001a2ba980 000000000000000a
0x00000000180bc820:   0000000000000234 0000000000000033
0x00000000180bc830:   00000000000000ff 00000000000000ff
0x00000000180bc840:   00000000000000ff 005161ec0000028e
0x00000000180bc850:   00000000003a1982 00000000003a1972
0x00000000180bc860:   0000000052e15c18 0000000016aba9f8
0x00000000180bc870:   0000000016ab9a00 0000000000000078
0x00000000180bc880:   0000000016877490 0000000052c87c8f
0x00000000180bc890:   00000000180bc920 0000000000000014
0x00000000180bc8a0:   0000000000000234 000000001a2ba960
0x00000000180bc8b0:   000000000000000f 000000000000007e
0x00000000180bc8c0:   00000000003a1972 00000000000000e3
0x00000000180bc8d0:   00000000003a1982 0000000000000001
0x00000000180bc8e0:   0000000016ab87f0 0000000016ab9a00
0x00000000180bc8f0:   0000000052e15c18 00000000180bc9c0 

Instructions: (pc=0x0000000052d1e4e0)
0x0000000052d1e4c0:   8b c1 0b c1 41 0b c0 0f 84 e8 00 00 00 41 8b c1
0x0000000052d1e4d0:   23 c1 41 23 c0 3d ff 00 00 00 0f 8d d1 00 00 00
0x0000000052d1e4e0:   4c 63 14 9e 48 63 d1 4d 63 d9 4c 8d 0d 4f 10 10
0x0000000052d1e4f0:   00 49 8b c2 48 c1 f8 10 0f b6 c0 42 0f b6 0c 30 


Register to memory mapping:

RAX=0x0000000000000000 is an unknown value
RBX=0x0000000000000006 is an unknown value
RCX=0x0000000000000000 is an unknown value
RDX=0x000000000000007e is an unknown value
RSP=0x00000000180bc800 is pointing into the stack for thread: 0x0000000016aba800
RBP=0x0000000016ab87f0 is an unknown value
RSI=0x0000000117de0000 is an unknown value
RDI=0x00000000169518cc is an unknown value
R8 =0x0000000000000000 is an unknown value
R9 =0x0000000000000054 is an unknown value
R10=0x000000001a2ba980 is an unknown value
R11=0x0000000000000003 is an unknown value
R12=0x0000000000000010 is an unknown value
R13=0x00000000ffffffff is an unallocated location in the heap
R14=0x0000000016ab9a00 is an unknown value
R15=0x0000000000000001 is an unknown value


Stack: [0x0000000017fc0000,0x00000000180c0000],  sp=0x00000000180bc800,  free space=1010k
Native frames: (J=compiled Java code, j=interpreted, Vv=VM code, C=native code)
C  [awt.dll+0x4e4e0]
C  [fontmanager.dll+0x7c8f]
C  [fontmanager.dll+0x7dd3]
C  0x00000000032d087a

Java frames: (J=compiled Java code, j=interpreted, Vv=VM code)
J 1087  sun.java2d.loops.DrawGlyphListLCD.DrawGlyphListLCD(Lsun/java2d/SunGraphics2D;Lsun/java2d/SurfaceData;Lsun/font/GlyphList;)V (0 bytes) @ 0x00000000032d07fc [0x00000000032d0780+0x7c]
J 1507 C2 sun.swing.SwingUtilities2.drawChars(Ljavax/swing/JComponent;Ljava/awt/Graphics;[CIIII)I (379 bytes) @ 0x0000000003401ef4 [0x0000000003400e20+0x10d4]
J 1234 C2 javax.swing.text.Utilities.drawTabbedText(Ljavax/swing/text/View;Ljavax/swing/text/Segment;IILjava/awt/Graphics;Ljavax/swing/text/TabExpander;I[I)I (409 bytes) @ 0x0000000003362a3c [0x0000000003361f60+0xadc]
J 1501 C2 javax.swing.text.PlainView.drawUnselectedText(Ljava/awt/Graphics;IIII)I (57 bytes) @ 0x00000000033e6af0 [0x00000000033e6880+0x270]
J 1563 C2 javax.swing.text.PlainView.drawElement(ILjavax/swing/text/Element;Ljava/awt/Graphics;II)I (399 bytes) @ 0x0000000003456590 [0x0000000003456420+0x170]
J 1513% C2 javax.swing.text.PlainView.paint(Ljava/awt/Graphics;Ljava/awt/Shape;)V (455 bytes) @ 0x000000000340b6b4 [0x000000000340b3c0+0x2f4]
j  javax.swing.plaf.basic.BasicTextUI$RootView.paint(Ljava/awt/Graphics;Ljava/awt/Shape;)V+48
j  javax.swing.plaf.basic.BasicTextUI.paintSafely(Ljava/awt/Graphics;)V+65
j  javax.swing.plaf.basic.BasicTextUI.paint(Ljava/awt/Graphics;Ljavax/swing/JComponent;)V+45
j  javax.swing.plaf.basic.BasicTextUI.update(Ljava/awt/Graphics;Ljavax/swing/JComponent;)V+3
j  javax.swing.JComponent.paintComponent(Ljava/awt/Graphics;)V+26
J 1583 C1 javax.swing.JComponent.paint(Ljava/awt/Graphics;)V (409 bytes) @ 0x0000000003477c84 [0x0000000003476400+0x1884]
j  java.awt.GraphicsCallback$PaintCallback.run(Ljava/awt/Component;Ljava/awt/Graphics;)V+2
j  sun.awt.SunGraphicsCallback.runOneComponent(Ljava/awt/Component;Ljava/awt/Rectangle;Ljava/awt/Graphics;Ljava/awt/Shape;I)V+155
j  sun.awt.SunGraphicsCallback.runComponents([Ljava/awt/Component;Ljava/awt/Graphics;I)V+194
j  java.awt.Container.paint(Ljava/awt/Graphics;)V+58
j  java.awt.Container.update(Ljava/awt/Graphics;)V+33
j  sun.awt.RepaintArea.updateComponent(Ljava/awt/Component;Ljava/awt/Graphics;)V+6
j  sun.awt.RepaintArea.paint(Ljava/lang/Object;Z)V+263
J 1556 C1 sun.awt.windows.WComponentPeer.handleEvent(Ljava/awt/AWTEvent;)V (173 bytes) @ 0x000000000345522c [0x0000000003454340+0xeec]
j  java.awt.Component.dispatchEventImpl(Ljava/awt/AWTEvent;)V+877
J 1524 C1 java.awt.Container.dispatchEventImpl(Ljava/awt/AWTEvent;)V (129 bytes) @ 0x00000000033f3a04 [0x00000000033f38c0+0x144]
J 1305 C1 java.awt.EventQueue.dispatchEventImpl(Ljava/awt/AWTEvent;Ljava/lang/Object;)V (149 bytes) @ 0x00000000033774bc [0x0000000003375c80+0x183c]
J 1304 C1 java.awt.EventQueue$3.run()Ljava/lang/Void; (60 bytes) @ 0x0000000003370c8c [0x0000000003370a80+0x20c]
J 1198 C1 java.awt.EventQueue$3.run()Ljava/lang/Object; (5 bytes) @ 0x000000000331920c [0x0000000003319180+0x8c]
v  ~StubRoutines::call_stub
J 787  java.security.AccessController.doPrivileged(Ljava/security/PrivilegedAction;Ljava/security/AccessControlContext;)Ljava/lang/Object; (0 bytes) @ 0x0000000003219ee6 [0x0000000003219e80+0x66]
J 1346 C1 java.awt.EventQueue$4.run()Ljava/lang/Object; (5 bytes) @ 0x000000000339002c [0x000000000338fc00+0x42c]
v  ~StubRoutines::call_stub
J 787  java.security.AccessController.doPrivileged(Ljava/security/PrivilegedAction;Ljava/security/AccessControlContext;)Ljava/lang/Object; (0 bytes) @ 0x0000000003219ee6 [0x0000000003219e80+0x66]
J 1197 C1 java.awt.EventQueue.dispatchEvent(Ljava/awt/AWTEvent;)V (80 bytes) @ 0x000000000332c0bc [0x000000000332b240+0xe7c]
J 1206 C1 java.awt.EventDispatchThread.pumpOneEventForFilters(I)V (190 bytes) @ 0x000000000333c50c [0x000000000333b3c0+0x114c]
j  java.awt.EventDispatchThread.pumpEventsForFilter(ILjava/awt/Conditional;Ljava/awt/EventFilter;)V+35
j  java.awt.EventDispatchThread.pumpEventsForHierarchy(ILjava/awt/Conditional;Ljava/awt/Component;)V+11
j  java.awt.EventDispatchThread.pumpEvents(ILjava/awt/Conditional;)V+4
j  java.awt.EventDispatchThread.pumpEvents(Ljava/awt/Conditional;)V+3
j  java.awt.EventDispatchThread.run()V+9
v  ~StubRoutines::call_stub

---------------  P R O C E S S  ---------------

Java Threads: ( => current thread )
  0x0000000018cf9800 JavaThread "Thread-3" [_thread_blocked, id=14004, stack(0x0000000019e30000,0x0000000019f30000)]
  0x0000000018bd2000 JavaThread "TimerQueue" daemon [_thread_blocked, id=13700, stack(0x0000000019c30000,0x0000000019d30000)]
  0x0000000002d7e800 JavaThread "DestroyJavaVM" [_thread_blocked, id=7076, stack(0x0000000002c70000,0x0000000002d70000)]
=>0x0000000016aba800 JavaThread "AWT-EventQueue-0" [_thread_in_native, id=9504, stack(0x0000000017fc0000,0x00000000180c0000)]
  0x0000000016a27000 JavaThread "AWT-Windows" daemon [_thread_in_native, id=1868, stack(0x0000000016eb0000,0x0000000016fb0000)]
  0x0000000016a24800 JavaThread "AWT-Shutdown" [_thread_blocked, id=11608, stack(0x0000000016db0000,0x0000000016eb0000)]
  0x0000000016a23800 JavaThread "Java2D Disposer" daemon [_thread_blocked, id=13060, stack(0x0000000016c60000,0x0000000016d60000)]
  0x000000001530d000 JavaThread "Service Thread" daemon [_thread_blocked, id=13708, stack(0x0000000016500000,0x0000000016600000)]
  0x0000000015306800 JavaThread "C1 CompilerThread1" daemon [_thread_blocked, id=9328, stack(0x0000000016400000,0x0000000016500000)]
  0x00000000152aa800 JavaThread "C2 CompilerThread0" daemon [_thread_blocked, id=4876, stack(0x0000000016300000,0x0000000016400000)]
  0x00000000152a9000 JavaThread "Attach Listener" daemon [_thread_blocked, id=4164, stack(0x0000000016200000,0x0000000016300000)]
  0x00000000152a7800 JavaThread "Signal Dispatcher" daemon [_thread_blocked, id=11652, stack(0x0000000016100000,0x0000000016200000)]
  0x0000000015298800 JavaThread "Finalizer" daemon [_thread_blocked, id=14168, stack(0x0000000015ef0000,0x0000000015ff0000)]
  0x0000000002f0e800 JavaThread "Reference Handler" daemon [_thread_blocked, id=9648, stack(0x0000000015df0000,0x0000000015ef0000)]

Other Threads:
  0x0000000015276800 VMThread [stack: 0x0000000015cf0000,0x0000000015df0000] [id=2868]
  0x0000000015312000 WatcherThread [stack: 0x0000000016600000,0x0000000016700000] [id=10436]

VM state:not at safepoint (normal execution)

VM Mutex/Monitor currently owned by a thread: None

Heap:
 PSYoungGen      total 78848K, used 39271K [0x00000000eb400000, 0x00000000f0e00000, 0x0000000100000000)
  eden space 65536K, 52% used [0x00000000eb400000,0x00000000ed5b1fe8,0x00000000ef400000)
  from space 13312K, 35% used [0x00000000f0100000,0x00000000f05a8008,0x00000000f0e00000)
  to   space 13312K, 0% used [0x00000000ef400000,0x00000000ef400000,0x00000000f0100000)
 ParOldGen       total 44032K, used 26886K [0x00000000c1c00000, 0x00000000c4700000, 0x00000000eb400000)
  object space 44032K, 61% used [0x00000000c1c00000,0x00000000c3641a70,0x00000000c4700000)
 Metaspace       used 11442K, capacity 11662K, committed 11776K, reserved 1058816K
  class space    used 1383K, capacity 1451K, committed 1536K, reserved 1048576K

Card table byte_map: [0x00000000122e0000,0x00000000124e0000] byte_map_base: 0x0000000011cd2000

Marking Bits: (ParMarkBitMap*) 0x00000000539308c0
 Begin Bits: [0x0000000012830000, 0x00000000137c0000)
 End Bits:   [0x00000000137c0000, 0x0000000014750000)

Polling page: 0x0000000000f00000

CodeCache: size=245760Kb used=5458Kb max_used=5458Kb free=240301Kb
 bounds [0x0000000002f20000, 0x0000000003480000, 0x0000000011f20000]
 total_blobs=2055 nmethods=1579 adapters=388
 compilation: enabled

Compilation events (10 events):
Event: 27.885 Thread 0x0000000015306800 1581       3       java.awt.geom.AffineTransform::getScaleX (5 bytes)
Event: 27.885 Thread 0x0000000015306800 nmethod 1581 0x0000000003461690 code [0x00000000034617e0, 0x0000000003461930]
Event: 27.912 Thread 0x0000000015306800 1582       3       java.awt.Container::invalidateParent (18 bytes)
Event: 27.912 Thread 0x0000000015306800 nmethod 1582 0x00000000034723d0 code [0x0000000003472560, 0x0000000003472aa8]
Event: 27.918 Thread 0x0000000015306800 1583   !   3       javax.swing.JComponent::paint (409 bytes)
Event: 27.925 Thread 0x0000000015306800 nmethod 1583 0x0000000003476010 code [0x0000000003476400, 0x0000000003478ff8]
Event: 27.925 Thread 0x0000000015306800 1585       3       javax.swing.JComponent::rectangleIsObscured (119 bytes)
Event: 27.928 Thread 0x0000000015306800 nmethod 1585 0x000000000345a810 code [0x000000000345aa20, 0x000000000345b768]
Event: 27.928 Thread 0x0000000015306800 1584       3       javax.swing.JComponent::getComponentGraphics (63 bytes)
Event: 27.929 Thread 0x0000000015306800 nmethod 1584 0x0000000003459390 code [0x00000000034595c0, 0x000000000345a3c8]

GC Heap History (10 events):
Event: 8.158 GC heap before
{Heap before GC invocations=2 (full 0):
 PSYoungGen      total 18944K, used 18928K [0x00000000eb400000, 0x00000000ec900000, 0x0000000100000000)
  eden space 16384K, 100% used [0x00000000eb400000,0x00000000ec400000,0x00000000ec400000)
  from space 2560K, 99% used [0x00000000ec400000,0x00000000ec67c010,0x00000000ec680000)
  to   space 2560K, 0% used [0x00000000ec680000,0x00000000ec680000,0x00000000ec900000)
 ParOldGen       total 44032K, used 494K [0x00000000c1c00000, 0x00000000c4700000, 0x00000000eb400000)
  object space 44032K, 1% used [0x00000000c1c00000,0x00000000c1c7b8c0,0x00000000c4700000)
 Metaspace       used 11133K, capacity 11342K, committed 11520K, reserved 1058816K
  class space    used 1379K, capacity 1451K, committed 1536K, reserved 1048576K
Event: 8.240 GC heap after
Heap after GC invocations=2 (full 0):
 PSYoungGen      total 18944K, used 2543K [0x00000000eb400000, 0x00000000ed900000, 0x0000000100000000)
  eden space 16384K, 0% used [0x00000000eb400000,0x00000000eb400000,0x00000000ec400000)
  from space 2560K, 99% used [0x00000000ec680000,0x00000000ec8fbfc8,0x00000000ec900000)
  to   space 2560K, 0% used [0x00000000ec400000,0x00000000ec400000,0x00000000ec680000)
 ParOldGen       total 44032K, used 7454K [0x00000000c1c00000, 0x00000000c4700000, 0x00000000eb400000)
  object space 44032K, 16% used [0x00000000c1c00000,0x00000000c2347a48,0x00000000c4700000)
 Metaspace       used 11133K, capacity 11342K, committed 11520K, reserved 1058816K
  class space    used 1379K, capacity 1451K, committed 1536K, reserved 1048576K
}
Event: 9.143 GC heap before
{Heap before GC invocations=3 (full 0):
 PSYoungGen      total 18944K, used 18927K [0x00000000eb400000, 0x00000000ed900000, 0x0000000100000000)
  eden space 16384K, 100% used [0x00000000eb400000,0x00000000ec400000,0x00000000ec400000)
  from space 2560K, 99% used [0x00000000ec680000,0x00000000ec8fbfc8,0x00000000ec900000)
  to   space 2560K, 0% used [0x00000000ec400000,0x00000000ec400000,0x00000000ec680000)
 ParOldGen       total 44032K, used 7454K [0x00000000c1c00000, 0x00000000c4700000, 0x00000000eb400000)
  object space 44032K, 16% used [0x00000000c1c00000,0x00000000c2347a48,0x00000000c4700000)
 Metaspace       used 11234K, capacity 11470K, committed 11776K, reserved 1058816K
  class space    used 1379K, capacity 1451K, committed 1536K, reserved 1048576K
Event: 9.192 GC heap after
Heap after GC invocations=3 (full 0):
 PSYoungGen      total 18944K, used 2559K [0x00000000eb400000, 0x00000000ed900000, 0x0000000100000000)
  eden space 16384K, 0% used [0x00000000eb400000,0x00000000eb400000,0x00000000ec400000)
  from space 2560K, 99% used [0x00000000ec400000,0x00000000ec67ffb0,0x00000000ec680000)
  to   space 2560K, 0% used [0x00000000ed680000,0x00000000ed680000,0x00000000ed900000)
 ParOldGen       total 44032K, used 12854K [0x00000000c1c00000, 0x00000000c4700000, 0x00000000eb400000)
  object space 44032K, 29% used [0x00000000c1c00000,0x00000000c288da90,0x00000000c4700000)
 Metaspace       used 11234K, capacity 11470K, committed 11776K, reserved 1058816K
  class space    used 1379K, capacity 1451K, committed 1536K, reserved 1048576K
}
Event: 9.659 GC heap before
{Heap before GC invocations=4 (full 0):
 PSYoungGen      total 18944K, used 16660K [0x00000000eb400000, 0x00000000ed900000, 0x0000000100000000)
  eden space 16384K, 86% used [0x00000000eb400000,0x00000000ec1c5210,0x00000000ec400000)
  from space 2560K, 99% used [0x00000000ec400000,0x00000000ec67ffb0,0x00000000ec680000)
  to   space 2560K, 0% used [0x00000000ed680000,0x00000000ed680000,0x00000000ed900000)
 ParOldGen       total 44032K, used 12854K [0x00000000c1c00000, 0x00000000c4700000, 0x00000000eb400000)
  object space 44032K, 29% used [0x00000000c1c00000,0x00000000c288da90,0x00000000c4700000)
 Metaspace       used 11293K, capacity 11534K, committed 11776K, reserved 1058816K
  class space    used 1379K, capacity 1451K, committed 1536K, reserved 1048576K
Event: 9.697 GC heap after
Heap after GC invocations=4 (full 0):
 PSYoungGen      total 35328K, used 2559K [0x00000000eb400000, 0x00000000ed900000, 0x0000000100000000)
  eden space 32768K, 0% used [0x00000000eb400000,0x00000000eb400000,0x00000000ed400000)
  from space 2560K, 99% used [0x00000000ed680000,0x00000000ed8fffb0,0x00000000ed900000)
  to   space 2560K, 0% used [0x00000000ed400000,0x00000000ed400000,0x00000000ed680000)
 ParOldGen       total 44032K, used 17318K [0x00000000c1c00000, 0x00000000c4700000, 0x00000000eb400000)
  object space 44032K, 39% used [0x00000000c1c00000,0x00000000c2ce9aa0,0x00000000c4700000)
 Metaspace       used 11293K, capacity 11534K, committed 11776K, reserved 1058816K
  class space    used 1379K, capacity 1451K, committed 1536K, reserved 1048576K
}
Event: 16.964 GC heap before
{Heap before GC invocations=5 (full 0):
 PSYoungGen      total 35328K, used 35327K [0x00000000eb400000, 0x00000000ed900000, 0x0000000100000000)
  eden space 32768K, 100% used [0x00000000eb400000,0x00000000ed400000,0x00000000ed400000)
  from space 2560K, 99% used [0x00000000ed680000,0x00000000ed8fffb0,0x00000000ed900000)
  to   space 2560K, 0% used [0x00000000ed400000,0x00000000ed400000,0x00000000ed680000)
 ParOldGen       total 44032K, used 17318K [0x00000000c1c00000, 0x00000000c4700000, 0x00000000eb400000)
  object space 44032K, 39% used [0x00000000c1c00000,0x00000000c2ce9aa0,0x00000000c4700000)
 Metaspace       used 11356K, capacity 11598K, committed 11776K, reserved 1058816K
  class space    used 1382K, capacity 1451K, committed 1536K, reserved 1048576K
Event: 17.009 GC heap after
Heap after GC invocations=5 (full 0):
 PSYoungGen      total 35328K, used 2528K [0x00000000eb400000, 0x00000000f0e00000, 0x0000000100000000)
  eden space 32768K, 0% used [0x00000000eb400000,0x00000000eb400000,0x00000000ed400000)
  from space 2560K, 98% used [0x00000000ed400000,0x00000000ed678008,0x00000000ed680000)
  to   space 13312K, 0% used [0x00000000f0100000,0x00000000f0100000,0x00000000f0e00000)
 ParOldGen       total 44032K, used 26886K [0x00000000c1c00000, 0x00000000c4700000, 0x00000000eb400000)
  object space 44032K, 61% used [0x00000000c1c00000,0x00000000c3641a70,0x00000000c4700000)
 Metaspace       used 11356K, capacity 11598K, committed 11776K, reserved 1058816K
  class space    used 1382K, capacity 1451K, committed 1536K, reserved 1048576K
}
Event: 27.605 GC heap before
{Heap before GC invocations=6 (full 0):
 PSYoungGen      total 35328K, used 32318K [0x00000000eb400000, 0x00000000f0e00000, 0x0000000100000000)
  eden space 32768K, 90% used [0x00000000eb400000,0x00000000ed117a68,0x00000000ed400000)
  from space 2560K, 98% used [0x00000000ed400000,0x00000000ed678008,0x00000000ed680000)
  to   space 13312K, 0% used [0x00000000f0100000,0x00000000f0100000,0x00000000f0e00000)
 ParOldGen       total 44032K, used 26886K [0x00000000c1c00000, 0x00000000c4700000, 0x00000000eb400000)
  object space 44032K, 61% used [0x00000000c1c00000,0x00000000c3641a70,0x00000000c4700000)
 Metaspace       used 11415K, capacity 11598K, committed 11776K, reserved 1058816K
  class space    used 1383K, capacity 1451K, committed 1536K, reserved 1048576K
Event: 27.644 GC heap after
Heap after GC invocations=6 (full 0):
 PSYoungGen      total 78848K, used 4768K [0x00000000eb400000, 0x00000000f0e00000, 0x0000000100000000)
  eden space 65536K, 0% used [0x00000000eb400000,0x00000000eb400000,0x00000000ef400000)
  from space 13312K, 35% used [0x00000000f0100000,0x00000000f05a8008,0x00000000f0e00000)
  to   space 13312K, 0% used [0x00000000ef400000,0x00000000ef400000,0x00000000f0100000)
 ParOldGen       total 44032K, used 26886K [0x00000000c1c00000, 0x00000000c4700000, 0x00000000eb400000)
  object space 44032K, 61% used [0x00000000c1c00000,0x00000000c3641a70,0x00000000c4700000)
 Metaspace       used 11415K, capacity 11598K, committed 11776K, reserved 1058816K
  class space    used 1383K, capacity 1451K, committed 1536K, reserved 1048576K
}

Deoptimization events (10 events):
Event: 4.464 Thread 0x0000000016aba800 Uncommon trap: reason=class_check action=maybe_recompile pc=0x00000000030ac160 method=java.lang.String.equals(Ljava/lang/Object;)Z @ 8
Event: 4.925 Thread 0x0000000016aba800 Uncommon trap: reason=class_check action=maybe_recompile pc=0x00000000030ac160 method=java.lang.String.equals(Ljava/lang/Object;)Z @ 8
Event: 4.925 Thread 0x0000000016aba800 Uncommon trap: reason=class_check action=maybe_recompile pc=0x00000000030ac160 method=java.lang.String.equals(Ljava/lang/Object;)Z @ 8
Event: 8.241 Thread 0x0000000018c1d800 Uncommon trap: reason=unstable_if action=reinterpret pc=0x00000000032ef2e8 method=javax.swing.text.GapVector.shiftGap(I)V @ 5
Event: 8.241 Thread 0x0000000018c1d800 Uncommon trap: reason=unstable_if action=reinterpret pc=0x00000000032e1f48 method=javax.swing.text.GapContent.getChars(IILjavax/swing/text/Segment;)V @ 87
Event: 15.893 Thread 0x0000000016aba800 Uncommon trap: reason=unstable_if action=reinterpret pc=0x000000000340e0a8 method=javax.swing.text.PlainView.paint(Ljava/awt/Graphics;Ljava/awt/Shape;)V @ 106
Event: 15.894 Thread 0x0000000016aba800 Uncommon trap: reason=unstable_if action=reinterpret pc=0x00000000033e9f44 method=javax.swing.RepaintManager.addDirtyRegion0(Ljava/awt/Container;IIII)V @ 2
Event: 15.895 Thread 0x0000000016aba800 Uncommon trap: reason=unstable_if action=reinterpret pc=0x00000000033234e0 method=java.util.concurrent.locks.AbstractQueuedSynchronizer.release(I)Z @ 14
Event: 21.801 Thread 0x0000000016aba800 Uncommon trap: reason=unstable_if action=reinterpret pc=0x00000000033eb684 method=javax.swing.text.DefaultHighlighter.paintLayeredHighlights(Ljava/awt/Graphics;IILjava/awt/Shape;Ljavax/swing/text/JTextComponent;Ljavax/swing/text/View;)V @ 13
Event: 21.801 Thread 0x0000000016aba800 Uncommon trap: reason=unstable_if action=reinterpret pc=0x00000000033f6910 method=javax.swing.text.PlainView.drawElement(ILjavax/swing/text/Element;Ljava/awt/Graphics;II)I @ 111

Classes redefined (0 events):
No events

Internal exceptions (10 events):
Event: 0.315 Thread 0x0000000002d7e800 Exception <a 'java/lang/NoSuchMethodError': Method sun.misc.Unsafe.prefetchRead(Ljava/lang/Object;J)V name or signature does not match> (0x00000000eb407f98) thrown at [C:\re\workspace\8-2-build-windows-amd64-cygwin\jdk8u171\10807\hotspot\src\share\vm\prim
Event: 0.647 Thread 0x0000000002d7e800 Exception <a 'java/security/PrivilegedActionException'> (0x00000000eb48c4d8) thrown at [C:\re\workspace\8-2-build-windows-amd64-cygwin\jdk8u171\10807\hotspot\src\share\vm\prims\jvm.cpp, line 1435]
Event: 0.647 Thread 0x0000000002d7e800 Exception <a 'java/security/PrivilegedActionException'> (0x00000000eb48c6e8) thrown at [C:\re\workspace\8-2-build-windows-amd64-cygwin\jdk8u171\10807\hotspot\src\share\vm\prims\jvm.cpp, line 1435]
Event: 0.657 Thread 0x0000000002d7e800 Exception <a 'java/security/PrivilegedActionException'> (0x00000000eb490358) thrown at [C:\re\workspace\8-2-build-windows-amd64-cygwin\jdk8u171\10807\hotspot\src\share\vm\prims\jvm.cpp, line 1435]
Event: 0.657 Thread 0x0000000002d7e800 Exception <a 'java/security/PrivilegedActionException'> (0x00000000eb490568) thrown at [C:\re\workspace\8-2-build-windows-amd64-cygwin\jdk8u171\10807\hotspot\src\share\vm\prims\jvm.cpp, line 1435]
Event: 0.675 Thread 0x0000000002d7e800 Exception <a 'java/io/FileNotFoundException'> (0x00000000eb495e48) thrown at [C:\re\workspace\8-2-build-windows-amd64-cygwin\jdk8u171\10807\hotspot\src\share\vm\prims\jni.cpp, line 709]
Event: 0.932 Thread 0x0000000002d7e800 Exception <a 'java/lang/NoSuchFieldError': method resolution failed> (0x00000000eb5b8bc8) thrown at [C:\re\workspace\8-2-build-windows-amd64-cygwin\jdk8u171\10807\hotspot\src\share\vm\prims\methodHandles.cpp, line 1167]
Event: 0.982 Thread 0x0000000002d7e800 Exception <a 'java/lang/NoSuchFieldError': method resolution failed> (0x00000000eb5c5f68) thrown at [C:\re\workspace\8-2-build-windows-amd64-cygwin\jdk8u171\10807\hotspot\src\share\vm\prims\methodHandles.cpp, line 1167]
Event: 1.174 Thread 0x0000000002d7e800 Exception <a 'java/io/FileNotFoundException'> (0x00000000eb660b18) thrown at [C:\re\workspace\8-2-build-windows-amd64-cygwin\jdk8u171\10807\hotspot\src\share\vm\prims\jni.cpp, line 709]
Event: 15.895 Thread 0x0000000016aba800 Implicit null exception at 0x0000000003323485 to 0x00000000033234d1

Events (10 events):
Event: 27.805 Thread 0x0000000016a46000 DEOPT UNPACKING pc=0x0000000002f67490 sp=0x000000001affea38 mode 0
Event: 27.807 Executing VM operation: RevokeBias
Event: 27.814 Executing VM operation: RevokeBias done
Event: 27.814 Executing VM operation: RevokeBias
Event: 27.814 Executing VM operation: RevokeBias done
Event: 28.226 Thread 0x0000000016aba800 DEOPT PACKING pc=0x000000000341f7bc sp=0x00000000180bcd80
Event: 28.226 Thread 0x0000000016aba800 DEOPT UNPACKING pc=0x0000000002f67490 sp=0x00000000180bcae8 mode 0
Event: 32.867 Executing VM operation: RevokeBias
Event: 32.868 Executing VM operation: RevokeBias done
Event: 32.868 Thread 0x0000000016a46000 Thread exited: 0x0000000016a46000


Dynamic libraries:
0x00007ff70f040000 - 0x00007ff70f077000 	C:\Program Files\Java\jre1.8.0_171\bin\javaw.exe
0x00007ffed62d0000 - 0x00007ffed64b1000 	C:\WINDOWS\SYSTEM32\ntdll.dll
0x00007ffed5820000 - 0x00007ffed58d2000 	C:\WINDOWS\System32\KERNEL32.DLL
0x00007ffed2ec0000 - 0x00007ffed3133000 	C:\WINDOWS\System32\KERNELBASE.dll
0x00007ffed3a10000 - 0x00007ffed3ab1000 	C:\WINDOWS\System32\ADVAPI32.dll
0x00007ffed6040000 - 0x00007ffed60de000 	C:\WINDOWS\System32\msvcrt.dll
0x00007ffed3c50000 - 0x00007ffed3cab000 	C:\WINDOWS\System32\sechost.dll
0x00007ffed3b20000 - 0x00007ffed3c44000 	C:\WINDOWS\System32\RPCRT4.dll
0x00007ffed5e50000 - 0x00007ffed5fe0000 	C:\WINDOWS\System32\USER32.dll
0x00007ffed2790000 - 0x00007ffed27b0000 	C:\WINDOWS\System32\win32u.dll
0x00007ffed6010000 - 0x00007ffed6038000 	C:\WINDOWS\System32\GDI32.dll
0x00007ffed32c0000 - 0x00007ffed3452000 	C:\WINDOWS\System32\gdi32full.dll
0x00007ffed26a0000 - 0x00007ffed273f000 	C:\WINDOWS\System32\msvcp_win.dll
0x00007ffed3140000 - 0x00007ffed323a000 	C:\WINDOWS\System32\ucrtbase.dll
0x00007ffecac90000 - 0x00007ffecaef9000 	C:\WINDOWS\WinSxS\amd64_microsoft.windows.common-controls_6595b64144ccf1df_6.0.17134.254_none_fb41980530664d2b\COMCTL32.dll
0x00007ffed54f0000 - 0x00007ffed5813000 	C:\WINDOWS\System32\combase.dll
0x00007ffed3240000 - 0x00007ffed32ba000 	C:\WINDOWS\System32\bcryptPrimitives.dll
0x00007ffed53d0000 - 0x00007ffed53fd000 	C:\WINDOWS\System32\IMM32.DLL
0x0000000052e70000 - 0x0000000052f42000 	C:\Program Files\Java\jre1.8.0_171\bin\msvcr100.dll
0x0000000053110000 - 0x00000000539b0000 	C:\Program Files\Java\jre1.8.0_171\bin\server\jvm.dll
0x00007ffed53c0000 - 0x00007ffed53c8000 	C:\WINDOWS\System32\PSAPI.DLL
0x00007ffec6fc0000 - 0x00007ffec6fc9000 	C:\WINDOWS\SYSTEM32\WSOCK32.dll
0x00007ffed5350000 - 0x00007ffed53bc000 	C:\WINDOWS\System32\WS2_32.dll
0x00007ffec7a10000 - 0x00007ffec7a33000 	C:\WINDOWS\SYSTEM32\WINMM.dll
0x00007ffecb920000 - 0x00007ffecb92a000 	C:\WINDOWS\SYSTEM32\VERSION.dll
0x00007ffec5690000 - 0x00007ffec56ba000 	C:\WINDOWS\SYSTEM32\WINMMBASE.dll
0x00007ffed2740000 - 0x00007ffed2789000 	C:\WINDOWS\System32\cfgmgr32.dll
0x0000000053020000 - 0x000000005302f000 	C:\Program Files\Java\jre1.8.0_171\bin\verify.dll
0x0000000052ff0000 - 0x0000000053019000 	C:\Program Files\Java\jre1.8.0_171\bin\java.dll
0x0000000052fd0000 - 0x0000000052fe6000 	C:\Program Files\Java\jre1.8.0_171\bin\zip.dll
0x00007ffed3cc0000 - 0x00007ffed5100000 	C:\WINDOWS\System32\SHELL32.dll
0x00007ffed3900000 - 0x00007ffed39a9000 	C:\WINDOWS\System32\shcore.dll
0x00007ffed27b0000 - 0x00007ffed2ebd000 	C:\WINDOWS\System32\windows.storage.dll
0x00007ffed3ac0000 - 0x00007ffed3b11000 	C:\WINDOWS\System32\shlwapi.dll
0x00007ffed25f0000 - 0x00007ffed2601000 	C:\WINDOWS\System32\kernel.appcore.dll
0x00007ffed2610000 - 0x00007ffed262f000 	C:\WINDOWS\System32\profapi.dll
0x00007ffed2650000 - 0x00007ffed269c000 	C:\WINDOWS\System32\powrprof.dll
0x00007ffed25e0000 - 0x00007ffed25ea000 	C:\WINDOWS\System32\FLTLIB.DLL
0x0000000052cd0000 - 0x0000000052e68000 	C:\Program Files\Java\jre1.8.0_171\bin\awt.dll
0x00007ffed5100000 - 0x00007ffed51c2000 	C:\WINDOWS\System32\OLEAUT32.dll
0x00007ffecf8a0000 - 0x00007ffecf92b000 	C:\WINDOWS\SYSTEM32\apphelp.dll
0x00007ffed0d70000 - 0x00007ffed0d99000 	C:\WINDOWS\system32\DWMAPI.DLL
0x00007ffed0ca0000 - 0x00007ffed0d38000 	C:\WINDOWS\system32\uxtheme.dll
0x00007ffeb60a0000 - 0x00007ffeb61c0000 	C:\WINDOWS\system32\opengl32.dll
0x00007ffeb6030000 - 0x00007ffeb605c000 	C:\WINDOWS\SYSTEM32\GLU32.dll
0x00007ffed51d0000 - 0x00007ffed5345000 	C:\WINDOWS\System32\MSCTF.dll
0x00007ffed60e0000 - 0x00007ffed6231000 	C:\WINDOWS\System32\ole32.dll
0x0000000052c80000 - 0x0000000052cc7000 	C:\Program Files\Java\jre1.8.0_171\bin\fontmanager.dll
0x00007ffed5d30000 - 0x00007ffed5dd0000 	C:\WINDOWS\System32\clbcatq.dll
0x00007ffed0860000 - 0x00007ffed0a0e000 	C:\WINDOWS\SYSTEM32\WindowsCodecs.dll
0x00007ffeba5b0000 - 0x00007ffeba608000 	C:\WINDOWS\system32\dataexchange.dll
0x00007ffecfea0000 - 0x00007ffed01ab000 	C:\WINDOWS\system32\d3d11.dll
0x00007ffecf300000 - 0x00007ffecf49c000 	C:\WINDOWS\system32\dcomp.dll
0x00007ffed1350000 - 0x00007ffed140b000 	C:\WINDOWS\system32\dxgi.dll
0x00007ffed0e50000 - 0x00007ffed1008000 	C:\WINDOWS\system32\twinapi.appcore.dll
0x00007ffed1010000 - 0x00007ffed1031000 	C:\WINDOWS\system32\RMCLIENT.dll
0x0000000052fb0000 - 0x0000000052fca000 	C:\Program Files\Java\jre1.8.0_171\bin\net.dll
0x00007ffed1e00000 - 0x00007ffed1e66000 	C:\WINDOWS\system32\mswsock.dll
0x0000000052f90000 - 0x0000000052fa1000 	C:\Program Files\Java\jre1.8.0_171\bin\nio.dll
0x0000000052c30000 - 0x0000000052c72000 	C:\Program Files\Java\jre1.8.0_171\bin\t2k.dll
0x00007ffecf6e0000 - 0x00007ffecf777000 	C:\WINDOWS\System32\TextInputFramework.dll
0x00007ffec3a70000 - 0x00007ffec3d8e000 	C:\WINDOWS\System32\CoreUIComponents.dll
0x00007ffecee60000 - 0x00007ffecef3a000 	C:\WINDOWS\System32\CoreMessaging.dll
0x00007ffed16d0000 - 0x00007ffed1701000 	C:\WINDOWS\SYSTEM32\ntmarta.dll
0x00007ffed04e0000 - 0x00007ffed062d000 	C:\WINDOWS\SYSTEM32\wintypes.dll
0x00007ffeccdd0000 - 0x00007ffeccf99000 	C:\WINDOWS\SYSTEM32\dbghelp.dll

VM Arguments:
jvm_args: -Dfile.encoding=Cp1252 
java_command: compilador.Main
java_class_path (initial): C:\Users\kikito1997\workspace\Sem.-Traductores-2\bin
Launcher Type: SUN_STANDARD

Environment Variables:
PATH=C:/Program Files/Java/jre1.8.0_171/bin/server;C:/Program Files/Java/jre1.8.0_171/bin;C:/Program Files/Java/jre1.8.0_171/lib/amd64;C:\Program Files (x86)\Common Files\Oracle\Java\javapath;C:\Program Files (x86)\Common Files\Intel\Shared Files\cpp\bin\Intel64;C:\Program Files\Python36\Scripts\;C:\Program Files\Python36\;C:\ProgramData\Oracle\Java\javapath;C:\WINDOWS\system32;C:\WINDOWS;C:\WINDOWS\System32\Wbem;C:\WINDOWS\System32\WindowsPowerShell\v1.0\;C:\Program Files\Java\jdk1.8.0_121\bin;C:\WINDOWS\System32\OpenSSH\;C:\Users\kikito1997\AppData\Local\Microsoft\WindowsApps;C:\Graddle\gradle-4.0.1\bin;"C:Users;C:kikito1997;C:Downloads;C:Compressed;C:PSTools";;C:\WINDOWS\system32;
USERNAME=kikito1997
OS=Windows_NT
PROCESSOR_IDENTIFIER=Intel64 Family 6 Model 55 Stepping 8, GenuineIntel



---------------  S Y S T E M  ---------------

OS: Windows 10.0 , 64 bit Build 17134 (10.0.17134.1)

CPU:total 2 (initial active 2) (2 cores per cpu, 1 threads per core) family 6 model 55 stepping 8, cmov, cx8, fxsr, mmx, sse, sse2, sse3, ssse3, sse4.1, sse4.2, popcnt, clmul, erms, 3dnowpref, tsc, tscinvbit

Memory: 4k page, physical 4077848k(1597648k free), swap 5439312k(1838232k free)

vm_info: Java HotSpot(TM) 64-Bit Server VM (25.171-b11) for windows-amd64 JRE (1.8.0_171-b11), built on Mar 28 2018 16:06:12 by "java_re" with MS VC++ 10.0 (VS2010)

time: Sat Sep 01 19:11:32 2018
elapsed time: 34 seconds (0d 0h 0m 34s)

